<?xml version="1.0" encoding="UTF-8" ?>
<testsuite failures="0" time="0.034" errors="0" skipped="0" tests="1" name="com.orders.ordermanagerservice.AppTest">
  <properties>
    <property name="java.runtime.name" value="Java(TM) SE Runtime Environment"/>
    <property name="sun.boot.library.path" value="C:\Program Files\Java\jdk1.6.0_24\jre\bin"/>
    <property name="java.vm.version" value="19.1-b02"/>
    <property name="java.vm.vendor" value="Sun Microsystems Inc."/>
    <property name="java.vendor.url" value="http://java.sun.com/"/>
    <property name="path.separator" value=";"/>
    <property name="java.vm.name" value="Java HotSpot(TM) 64-Bit Server VM"/>
    <property name="file.encoding.pkg" value="sun.io"/>
    <property name="user.country" value="RU"/>
    <property name="sun.java.launcher" value="SUN_STANDARD"/>
    <property name="sun.os.patch.level" value="Service Pack 1"/>
    <property name="java.vm.specification.name" value="Java Virtual Machine Specification"/>
    <property name="user.dir" value="D:\workspace\ordermanagermod\ordermanagerservice"/>
    <property name="java.runtime.version" value="1.6.0_24-b07"/>
    <property name="java.awt.graphicsenv" value="sun.awt.Win32GraphicsEnvironment"/>
    <property name="basedir" value="D:\workspace\ordermanagermod\ordermanagerservice"/>
    <property name="java.endorsed.dirs" value="C:\Program Files\Java\jdk1.6.0_24\jre\lib\endorsed"/>
    <property name="os.arch" value="amd64"/>
    <property name="surefire.real.class.path" value="D:\workspace\ordermanagermod\ordermanagerservice\target\surefire\surefirebooter3876691575348633894.jar"/>
    <property name="java.io.tmpdir" value="C:\Users\YPADDU~1\AppData\Local\Temp\"/>
    <property name="line.separator" value="
"/>
    <property name="java.vm.specification.vendor" value="Sun Microsystems Inc."/>
    <property name="user.variant" value=""/>
    <property name="os.name" value="Windows 7"/>
    <property name="sun.jnu.encoding" value="Cp1251"/>
    <property name="java.library.path" value="C:\Program Files\Java\jdk1.6.0_24\jre\bin;.;C:\Windows\Sun\Java\bin;C:\Windows\system32;C:\Windows;C:\Windows\system32;C:\Windows;C:\Windows\System32\Wbem;C:\Windows\System32\WindowsPowerShell\v1.0\;C:\Program Files\TortoiseSVN\bin;C:\Program Files\OpenVPN\bin;C:\Program Files\Java\apache-maven-3.0.3\bin;C:\Program Files\Java\jdk1.6.0_24\bin;C:\Program Files (x86)\Microsoft SQL Server\100\Tools\Binn\;C:\Program Files\Microsoft SQL Server\100\Tools\Binn\;C:\Program Files\Microsoft SQL Server\100\DTS\Binn\;C:\Program Files (x86)\Microsoft SQL Server\100\Tools\Binn\VSShell\Common7\IDE\;C:\Program Files (x86)\Microsoft Visual Studio 9.0\Common7\IDE\PrivateAssemblies\;C:\Program Files (x86)\Microsoft SQL Server\100\DTS\Binn\"/>
    <property name="surefire.test.class.path" value="D:\workspace\ordermanagermod\ordermanagerservice\target\test-classes;D:\workspace\ordermanagermod\ordermanagerservice\target\classes;D:\workspace\ordermanagermod\ordermanagerdao\target\ordermanagerdao.jar;C:\Users\ypaddubnaya\.m2\repository\javax\persistence\persistence-api\1.0\persistence-api-1.0.jar;C:\Users\ypaddubnaya\.m2\repository\javax\transaction\jta\1.1\jta-1.1.jar;C:\Users\ypaddubnaya\.m2\repository\org\hibernate\hibernate-core\3.3.2.GA\hibernate-core-3.3.2.GA.jar;C:\Users\ypaddubnaya\.m2\repository\antlr\antlr\2.7.6\antlr-2.7.6.jar;C:\Users\ypaddubnaya\.m2\repository\commons-collections\commons-collections\3.1\commons-collections-3.1.jar;C:\Users\ypaddubnaya\.m2\repository\dom4j\dom4j\1.6.1\dom4j-1.6.1.jar;C:\Users\ypaddubnaya\.m2\repository\xml-apis\xml-apis\1.0.b2\xml-apis-1.0.b2.jar;C:\Users\ypaddubnaya\.m2\repository\org\hibernate\hibernate-annotations\3.3.1.GA\hibernate-annotations-3.3.1.GA.jar;C:\Users\ypaddubnaya\.m2\repository\org\hibernate\hibernate\3.2.6.ga\hibernate-3.2.6.ga.jar;C:\Users\ypaddubnaya\.m2\repository\net\sf\ehcache\ehcache\1.2.3\ehcache-1.2.3.jar;C:\Users\ypaddubnaya\.m2\repository\asm\asm-attrs\1.5.3\asm-attrs-1.5.3.jar;C:\Users\ypaddubnaya\.m2\repository\cglib\cglib\2.1_3\cglib-2.1_3.jar;C:\Users\ypaddubnaya\.m2\repository\asm\asm\1.5.3\asm-1.5.3.jar;C:\Users\ypaddubnaya\.m2\repository\org\hibernate\ejb3-persistence\1.0.1.GA\ejb3-persistence-1.0.1.GA.jar;C:\Users\ypaddubnaya\.m2\repository\commons-logging\commons-logging\1.0.4\commons-logging-1.0.4.jar;C:\Users\ypaddubnaya\.m2\repository\org\hibernate\hibernate-commons-annotations\3.3.0.ga\hibernate-commons-annotations-3.3.0.ga.jar;C:\Users\ypaddubnaya\.m2\repository\mysql\mysql-connector-java\5.1.6\mysql-connector-java-5.1.6.jar;C:\Users\ypaddubnaya\.m2\repository\org\springframework\security\spring-security-web\3.1.1.RELEASE\spring-security-web-3.1.1.RELEASE.jar;C:\Users\ypaddubnaya\.m2\repository\org\springframework\security\spring-security-config\3.1.1.RELEASE\spring-security-config-3.1.1.RELEASE.jar;C:\Users\ypaddubnaya\.m2\repository\org\springframework\security\spring-security-core\3.1.1.RELEASE\spring-security-core-3.1.1.RELEASE.jar;D:\workspace\ordermanagermod\ordermanagerdomain\target\ordermanagerdomain.jar;C:\Users\ypaddubnaya\.m2\repository\junit\junit\4.7\junit-4.7.jar;C:\Users\ypaddubnaya\.m2\repository\org\springframework\spring-context\3.1.1.RELEASE\spring-context-3.1.1.RELEASE.jar;C:\Users\ypaddubnaya\.m2\repository\org\springframework\spring-aop\3.1.1.RELEASE\spring-aop-3.1.1.RELEASE.jar;C:\Users\ypaddubnaya\.m2\repository\org\springframework\spring-beans\3.1.1.RELEASE\spring-beans-3.1.1.RELEASE.jar;C:\Users\ypaddubnaya\.m2\repository\org\springframework\spring-core\3.1.1.RELEASE\spring-core-3.1.1.RELEASE.jar;C:\Users\ypaddubnaya\.m2\repository\org\springframework\spring-expression\3.1.1.RELEASE\spring-expression-3.1.1.RELEASE.jar;C:\Users\ypaddubnaya\.m2\repository\org\springframework\spring-asm\3.1.1.RELEASE\spring-asm-3.1.1.RELEASE.jar;C:\Users\ypaddubnaya\.m2\repository\org\springframework\spring-webmvc\3.1.1.RELEASE\spring-webmvc-3.1.1.RELEASE.jar;C:\Users\ypaddubnaya\.m2\repository\org\springframework\spring-context-support\3.1.1.RELEASE\spring-context-support-3.1.1.RELEASE.jar;C:\Users\ypaddubnaya\.m2\repository\org\springframework\spring-web\3.1.1.RELEASE\spring-web-3.1.1.RELEASE.jar;C:\Users\ypaddubnaya\.m2\repository\org\aspectj\aspectjrt\1.6.10\aspectjrt-1.6.10.jar;C:\Users\ypaddubnaya\.m2\repository\org\slf4j\slf4j-api\1.6.6\slf4j-api-1.6.6.jar;C:\Users\ypaddubnaya\.m2\repository\org\slf4j\jcl-over-slf4j\1.6.6\jcl-over-slf4j-1.6.6.jar;C:\Users\ypaddubnaya\.m2\repository\org\slf4j\slf4j-log4j12\1.6.6\slf4j-log4j12-1.6.6.jar;C:\Users\ypaddubnaya\.m2\repository\log4j\log4j\1.2.15\log4j-1.2.15.jar;C:\Users\ypaddubnaya\.m2\repository\javax\inject\javax.inject\1\javax.inject-1.jar;C:\Users\ypaddubnaya\.m2\repository\org\springframework\spring-tx\3.1.1.RELEASE\spring-tx-3.1.1.RELEASE.jar;C:\Users\ypaddubnaya\.m2\repository\aopalliance\aopalliance\1.0\aopalliance-1.0.jar;C:\Users\ypaddubnaya\.m2\repository\org\springframework\spring-orm\3.1.1.RELEASE\spring-orm-3.1.1.RELEASE.jar;C:\Users\ypaddubnaya\.m2\repository\org\springframework\spring-jdbc\3.1.1.RELEASE\spring-jdbc-3.1.1.RELEASE.jar;"/>
    <property name="java.specification.name" value="Java Platform API Specification"/>
    <property name="java.class.version" value="50.0"/>
    <property name="sun.management.compiler" value="HotSpot 64-Bit Server Compiler"/>
    <property name="os.version" value="6.1"/>
    <property name="user.home" value="C:\Users\ypaddubnaya"/>
    <property name="user.timezone" value=""/>
    <property name="java.awt.printerjob" value="sun.awt.windows.WPrinterJob"/>
    <property name="java.specification.version" value="1.6"/>
    <property name="file.encoding" value="Cp1251"/>
    <property name="user.name" value="ypaddubnaya"/>
    <property name="java.class.path" value="D:\workspace\ordermanagermod\ordermanagerservice\target\test-classes;D:\workspace\ordermanagermod\ordermanagerservice\target\classes;D:\workspace\ordermanagermod\ordermanagerdao\target\ordermanagerdao.jar;C:\Users\ypaddubnaya\.m2\repository\javax\persistence\persistence-api\1.0\persistence-api-1.0.jar;C:\Users\ypaddubnaya\.m2\repository\javax\transaction\jta\1.1\jta-1.1.jar;C:\Users\ypaddubnaya\.m2\repository\org\hibernate\hibernate-core\3.3.2.GA\hibernate-core-3.3.2.GA.jar;C:\Users\ypaddubnaya\.m2\repository\antlr\antlr\2.7.6\antlr-2.7.6.jar;C:\Users\ypaddubnaya\.m2\repository\commons-collections\commons-collections\3.1\commons-collections-3.1.jar;C:\Users\ypaddubnaya\.m2\repository\dom4j\dom4j\1.6.1\dom4j-1.6.1.jar;C:\Users\ypaddubnaya\.m2\repository\xml-apis\xml-apis\1.0.b2\xml-apis-1.0.b2.jar;C:\Users\ypaddubnaya\.m2\repository\org\hibernate\hibernate-annotations\3.3.1.GA\hibernate-annotations-3.3.1.GA.jar;C:\Users\ypaddubnaya\.m2\repository\org\hibernate\hibernate\3.2.6.ga\hibernate-3.2.6.ga.jar;C:\Users\ypaddubnaya\.m2\repository\net\sf\ehcache\ehcache\1.2.3\ehcache-1.2.3.jar;C:\Users\ypaddubnaya\.m2\repository\asm\asm-attrs\1.5.3\asm-attrs-1.5.3.jar;C:\Users\ypaddubnaya\.m2\repository\cglib\cglib\2.1_3\cglib-2.1_3.jar;C:\Users\ypaddubnaya\.m2\repository\asm\asm\1.5.3\asm-1.5.3.jar;C:\Users\ypaddubnaya\.m2\repository\org\hibernate\ejb3-persistence\1.0.1.GA\ejb3-persistence-1.0.1.GA.jar;C:\Users\ypaddubnaya\.m2\repository\commons-logging\commons-logging\1.0.4\commons-logging-1.0.4.jar;C:\Users\ypaddubnaya\.m2\repository\org\hibernate\hibernate-commons-annotations\3.3.0.ga\hibernate-commons-annotations-3.3.0.ga.jar;C:\Users\ypaddubnaya\.m2\repository\mysql\mysql-connector-java\5.1.6\mysql-connector-java-5.1.6.jar;C:\Users\ypaddubnaya\.m2\repository\org\springframework\security\spring-security-web\3.1.1.RELEASE\spring-security-web-3.1.1.RELEASE.jar;C:\Users\ypaddubnaya\.m2\repository\org\springframework\security\spring-security-config\3.1.1.RELEASE\spring-security-config-3.1.1.RELEASE.jar;C:\Users\ypaddubnaya\.m2\repository\org\springframework\security\spring-security-core\3.1.1.RELEASE\spring-security-core-3.1.1.RELEASE.jar;D:\workspace\ordermanagermod\ordermanagerdomain\target\ordermanagerdomain.jar;C:\Users\ypaddubnaya\.m2\repository\junit\junit\4.7\junit-4.7.jar;C:\Users\ypaddubnaya\.m2\repository\org\springframework\spring-context\3.1.1.RELEASE\spring-context-3.1.1.RELEASE.jar;C:\Users\ypaddubnaya\.m2\repository\org\springframework\spring-aop\3.1.1.RELEASE\spring-aop-3.1.1.RELEASE.jar;C:\Users\ypaddubnaya\.m2\repository\org\springframework\spring-beans\3.1.1.RELEASE\spring-beans-3.1.1.RELEASE.jar;C:\Users\ypaddubnaya\.m2\repository\org\springframework\spring-core\3.1.1.RELEASE\spring-core-3.1.1.RELEASE.jar;C:\Users\ypaddubnaya\.m2\repository\org\springframework\spring-expression\3.1.1.RELEASE\spring-expression-3.1.1.RELEASE.jar;C:\Users\ypaddubnaya\.m2\repository\org\springframework\spring-asm\3.1.1.RELEASE\spring-asm-3.1.1.RELEASE.jar;C:\Users\ypaddubnaya\.m2\repository\org\springframework\spring-webmvc\3.1.1.RELEASE\spring-webmvc-3.1.1.RELEASE.jar;C:\Users\ypaddubnaya\.m2\repository\org\springframework\spring-context-support\3.1.1.RELEASE\spring-context-support-3.1.1.RELEASE.jar;C:\Users\ypaddubnaya\.m2\repository\org\springframework\spring-web\3.1.1.RELEASE\spring-web-3.1.1.RELEASE.jar;C:\Users\ypaddubnaya\.m2\repository\org\aspectj\aspectjrt\1.6.10\aspectjrt-1.6.10.jar;C:\Users\ypaddubnaya\.m2\repository\org\slf4j\slf4j-api\1.6.6\slf4j-api-1.6.6.jar;C:\Users\ypaddubnaya\.m2\repository\org\slf4j\jcl-over-slf4j\1.6.6\jcl-over-slf4j-1.6.6.jar;C:\Users\ypaddubnaya\.m2\repository\org\slf4j\slf4j-log4j12\1.6.6\slf4j-log4j12-1.6.6.jar;C:\Users\ypaddubnaya\.m2\repository\log4j\log4j\1.2.15\log4j-1.2.15.jar;C:\Users\ypaddubnaya\.m2\repository\javax\inject\javax.inject\1\javax.inject-1.jar;C:\Users\ypaddubnaya\.m2\repository\org\springframework\spring-tx\3.1.1.RELEASE\spring-tx-3.1.1.RELEASE.jar;C:\Users\ypaddubnaya\.m2\repository\aopalliance\aopalliance\1.0\aopalliance-1.0.jar;C:\Users\ypaddubnaya\.m2\repository\org\springframework\spring-orm\3.1.1.RELEASE\spring-orm-3.1.1.RELEASE.jar;C:\Users\ypaddubnaya\.m2\repository\org\springframework\spring-jdbc\3.1.1.RELEASE\spring-jdbc-3.1.1.RELEASE.jar;"/>
    <property name="java.vm.specification.version" value="1.0"/>
    <property name="sun.arch.data.model" value="64"/>
    <property name="java.home" value="C:\Program Files\Java\jdk1.6.0_24\jre"/>
    <property name="java.specification.vendor" value="Sun Microsystems Inc."/>
    <property name="user.language" value="ru"/>
    <property name="awt.toolkit" value="sun.awt.windows.WToolkit"/>
    <property name="java.vm.info" value="mixed mode"/>
    <property name="java.version" value="1.6.0_24"/>
    <property name="java.ext.dirs" value="C:\Program Files\Java\jdk1.6.0_24\jre\lib\ext;C:\Windows\Sun\Java\lib\ext"/>
    <property name="sun.boot.class.path" value="C:\Program Files\Java\jdk1.6.0_24\jre\lib\resources.jar;C:\Program Files\Java\jdk1.6.0_24\jre\lib\rt.jar;C:\Program Files\Java\jdk1.6.0_24\jre\lib\sunrsasign.jar;C:\Program Files\Java\jdk1.6.0_24\jre\lib\jsse.jar;C:\Program Files\Java\jdk1.6.0_24\jre\lib\jce.jar;C:\Program Files\Java\jdk1.6.0_24\jre\lib\charsets.jar;C:\Program Files\Java\jdk1.6.0_24\jre\lib\modules\jdk.boot.jar;C:\Program Files\Java\jdk1.6.0_24\jre\classes"/>
    <property name="java.vendor" value="Sun Microsystems Inc."/>
    <property name="localRepository" value="C:\Users\ypaddubnaya\.m2\repository"/>
    <property name="file.separator" value="\"/>
    <property name="java.vendor.url.bug" value="http://java.sun.com/cgi-bin/bugreport.cgi"/>
    <property name="sun.cpu.endian" value="little"/>
    <property name="sun.io.unicode.encoding" value="UnicodeLittle"/>
    <property name="sun.desktop" value="windows"/>
    <property name="sun.cpu.isalist" value="amd64"/>
  </properties>
  <testcase time="0.002" classname="com.orders.ordermanagerservice.AppTest" name="testApp"/>
</testsuite>